  ActFunc.cpp
C:\Users\rahma\source\repos\NumberPredictor-resultingmodel\ActFunc.h(8,2): warning C4091: static : пропускается слева от "ActFunc", когда ни одна переменная не объявлена
  Matrix.cpp
  NetWork.cpp
C:\Users\rahma\source\repos\NumberPredictor-resultingmodel\ActFunc.h(8,2): warning C4091: static : пропускается слева от "ActFunc", когда ни одна переменная не объявлена
C:\Users\rahma\source\repos\NumberPredictor-resultingmodel\NetWork.cpp(3,12): warning C4244: аргумент: преобразование "time_t" в "unsigned int", возможна потеря данных
C:\Users\rahma\source\repos\NumberPredictor-resultingmodel\NetWork.cpp(28,12): warning C4244: аргумент: преобразование "time_t" в "unsigned int", возможна потеря данных
  NumberPredictor-resultingmodel.cpp
C:\Users\rahma\source\repos\NumberPredictor-resultingmodel\ActFunc.h(8,2): warning C4091: static : пропускается слева от "ActFunc", когда ни одна переменная не объявлена
C:\Users\rahma\source\repos\NumberPredictor-resultingmodel\NumberPredictor-resultingmodel.cpp(30,66): warning C4244: аргумент: преобразование "int" в "T", возможна потеря данных
          with
          [
              T=float
          ]
C:\Users\rahma\source\repos\NumberPredictor-resultingmodel\NumberPredictor-resultingmodel.cpp(30,37): warning C4244: аргумент: преобразование "int" в "T", возможна потеря данных
          with
          [
              T=float
          ]
C:\Users\rahma\source\repos\NumberPredictor-resultingmodel\NumberPredictor-resultingmodel.cpp(32,38): warning C4244: аргумент: преобразование "int" в "float", возможна потеря данных
C:\Users\rahma\source\repos\NumberPredictor-resultingmodel\NumberPredictor-resultingmodel.cpp(87,39): warning C4244: аргумент: преобразование "int" в "T", возможна потеря данных
          with
          [
              T=float
          ]
C:\Users\rahma\source\repos\NumberPredictor-resultingmodel\NumberPredictor-resultingmodel.cpp(87,27): warning C4244: аргумент: преобразование "int" в "T", возможна потеря данных
          with
          [
              T=float
          ]
C:\Users\rahma\source\repos\NumberPredictor-resultingmodel\NumberPredictor-resultingmodel.cpp(89,43): warning C4244: аргумент: преобразование "double" в "sf::Uint8", возможна потеря данных
C:\Users\rahma\source\repos\NumberPredictor-resultingmodel\NumberPredictor-resultingmodel.cpp(89,36): warning C4244: аргумент: преобразование "double" в "sf::Uint8", возможна потеря данных
C:\Users\rahma\source\repos\NumberPredictor-resultingmodel\NumberPredictor-resultingmodel.cpp(89,29): warning C4244: аргумент: преобразование "double" в "sf::Uint8", возможна потеря данных
C:\Users\rahma\source\repos\NumberPredictor-resultingmodel\NumberPredictor-resultingmodel.cpp(90,40): warning C4244: аргумент: преобразование "int" в "float", возможна потеря данных
C:\Users\rahma\source\repos\NumberPredictor-resultingmodel\NumberPredictor-resultingmodel.cpp(90,24): warning C4244: аргумент: преобразование "int" в "float", возможна потеря данных
C:\Users\rahma\source\repos\NumberPredictor-resultingmodel\NumberPredictor-resultingmodel.cpp(95,58): warning C4244: аргумент: преобразование "int" в "float", возможна потеря данных
C:\Users\rahma\source\repos\NumberPredictor-resultingmodel\NumberPredictor-resultingmodel.cpp(95,46): warning C4244: аргумент: преобразование "int" в "float", возможна потеря данных
C:\Users\rahma\source\repos\NumberPredictor-resultingmodel\NumberPredictor-resultingmodel.cpp(97,29): warning C4244: аргумент: преобразование "double" в "T", возможна потеря данных
          with
          [
              T=float
          ]
C:\Users\rahma\source\repos\NumberPredictor-resultingmodel\NumberPredictor-resultingmodel.cpp(99,60): warning C4244: аргумент: преобразование "int" в "float", возможна потеря данных
C:\Users\rahma\source\repos\NumberPredictor-resultingmodel\NumberPredictor-resultingmodel.cpp(99,47): warning C4244: аргумент: преобразование "int" в "float", возможна потеря данных
  Создание кода...
  NumberPredictor-resultingmodel.vcxproj -> C:\Users\rahma\source\repos\NumberPredictor-resultingmodel\x64\Debug\NumberPredictor-resultingmodel.exe
